[debug] [2024-03-12T08:58:03.196Z] ----------------------------------------------------------------------
[debug] [2024-03-12T08:58:03.199Z] Command:       C:\Program Files\nodejs\node.exe C:\Program Files\nodejs\node_modules\firebase-tools\lib\bin\firebase.js init
[debug] [2024-03-12T08:58:03.199Z] CLI Version:   13.4.1
[debug] [2024-03-12T08:58:03.199Z] Platform:      win32
[debug] [2024-03-12T08:58:03.199Z] Node Version:  v20.0.0
[debug] [2024-03-12T08:58:03.200Z] Time:          Tue Mar 12 2024 14:28:03 GMT+0530 (India Standard Time)
[debug] [2024-03-12T08:58:03.200Z] ----------------------------------------------------------------------
[debug] 
[debug] [2024-03-12T08:58:03.206Z] > command requires scopes: ["email","openid","https://www.googleapis.com/auth/cloudplatformprojects.readonly","https://www.googleapis.com/auth/firebase","https://www.googleapis.com/auth/cloud-platform"]
[debug] [2024-03-12T08:58:03.206Z] > authorizing via signed-in user (dkgawde14@gmail.com)
[info] 
     ######## #### ########  ######## ########     ###     ######  ########
     ##        ##  ##     ## ##       ##     ##  ##   ##  ##       ##
     ######    ##  ########  ######   ########  #########  ######  ######
     ##        ##  ##    ##  ##       ##     ## ##     ##       ## ##
     ##       #### ##     ## ######## ########  ##     ##  ######  ########

You're about to initialize a Firebase project in this directory:

  E:\webdesign

[info] 
=== Project Setup
[info] 
[info] First, let's associate this project directory with a Firebase project.
[info] You can create multiple project aliases by running firebase use --add, 
[info] but for now we'll just set up a default project.
[info] 
[debug] [2024-03-12T08:58:49.964Z] > refreshing access token with scopes: []
[debug] [2024-03-12T08:58:49.966Z] >>> [apiv2][query] POST https://www.googleapis.com/oauth2/v3/token [none]
[debug] [2024-03-12T08:58:49.966Z] >>> [apiv2][body] POST https://www.googleapis.com/oauth2/v3/token [omitted]
[debug] [2024-03-12T08:58:50.199Z] <<< [apiv2][status] POST https://www.googleapis.com/oauth2/v3/token 400
[debug] [2024-03-12T08:58:50.199Z] <<< [apiv2][body] POST https://www.googleapis.com/oauth2/v3/token [omitted]
[debug] [2024-03-12T08:58:50.200Z] >>> [apiv2][query] GET https://firebase.googleapis.com/v1beta1/projects pageSize=100
[debug] [2024-03-12T08:58:50.634Z] <<< [apiv2][status] GET https://firebase.googleapis.com/v1beta1/projects 401
[debug] [2024-03-12T08:58:50.634Z] <<< [apiv2][body] GET https://firebase.googleapis.com/v1beta1/projects [omitted]
[debug] [2024-03-12T08:58:50.634Z] HTTP Error: 401, Request had invalid authentication credentials. Expected OAuth 2 access token, login cookie or other valid authentication credential. See https://developers.google.com/identity/sign-in/web/devconsole-project.
[debug] [2024-03-12T08:58:50.787Z] FirebaseError: HTTP Error: 401, Request had invalid authentication credentials. Expected OAuth 2 access token, login cookie or other valid authentication credential. See https://developers.google.com/identity/sign-in/web/devconsole-project.
    at responseToError (C:\Users\dipg2\AppData\Roaming\nvm\v20.0.0\node_modules\firebase-tools\lib\responseToError.js:49:12)
    at RetryOperation._fn (C:\Users\dipg2\AppData\Roaming\nvm\v20.0.0\node_modules\firebase-tools\lib\apiv2.js:297:77)
    at process.processTicksAndRejections (node:internal/process/task_queues:95:5)
[error] 
[error] Error: Failed to list Firebase projects. See firebase-debug.log for more info.
[debug] [2024-03-12T08:59:02.313Z] ----------------------------------------------------------------------
[debug] [2024-03-12T08:59:02.316Z] Command:       C:\Program Files\nodejs\node.exe C:\Program Files\nodejs\node_modules\firebase-tools\lib\bin\firebase.js init
[debug] [2024-03-12T08:59:02.316Z] CLI Version:   13.4.1
[debug] [2024-03-12T08:59:02.317Z] Platform:      win32
[debug] [2024-03-12T08:59:02.317Z] Node Version:  v20.0.0
[debug] [2024-03-12T08:59:02.317Z] Time:          Tue Mar 12 2024 14:29:02 GMT+0530 (India Standard Time)
[debug] [2024-03-12T08:59:02.317Z] ----------------------------------------------------------------------
[debug] 
[debug] [2024-03-12T08:59:02.323Z] > command requires scopes: ["email","openid","https://www.googleapis.com/auth/cloudplatformprojects.readonly","https://www.googleapis.com/auth/firebase","https://www.googleapis.com/auth/cloud-platform"]
[debug] [2024-03-12T08:59:02.324Z] > authorizing via signed-in user (dkgawde14@gmail.com)
[info] 
     ######## #### ########  ######## ########     ###     ######  ########
     ##        ##  ##     ## ##       ##     ##  ##   ##  ##       ##
     ######    ##  ########  ######   ########  #########  ######  ######
     ##        ##  ##    ##  ##       ##     ## ##     ##       ## ##
     ##       #### ##     ## ######## ########  ##     ##  ######  ########

You're about to initialize a Firebase project in this directory:

  E:\webdesign

[info] 
=== Project Setup
[info] 
[info] First, let's associate this project directory with a Firebase project.
[info] You can create multiple project aliases by running firebase use --add, 
[info] but for now we'll just set up a default project.
[info] 
[info] i  If you want to create a project in a Google Cloud organization or folder, please use "firebase projects:create" instead, and return to this command when you've created the project. 
[debug] [2024-03-12T08:59:27.935Z] > refreshing access token with scopes: []
[debug] [2024-03-12T08:59:27.937Z] >>> [apiv2][query] POST https://www.googleapis.com/oauth2/v3/token [none]
[debug] [2024-03-12T08:59:27.937Z] >>> [apiv2][body] POST https://www.googleapis.com/oauth2/v3/token [omitted]
[debug] [2024-03-12T08:59:32.192Z] *** [apiv2] error from fetch(https://www.googleapis.com/oauth2/v3/token, {"headers":{},"method":"POST","body":{"_overheadLength":545,"_valueLength":212,"_valuesToMeasure":[],"writable":false,"readable":true,"dataSize":0,"maxDataSize":2097152,"pauseStreams":true,"_released":true,"_streams":[],"_currentStream":null,"_insideLoop":false,"_pendingNext":false,"_boundary":"--------------------------684517743403161868115338","_events":{},"_eventsCount":1}}): FetchError: request to https://www.googleapis.com/oauth2/v3/token failed, reason: Socket connection timeout
[debug] [2024-03-12T08:59:32.353Z] FirebaseError: Authentication Error: Your credentials are no longer valid. Please run firebase login --reauth

For CI servers and headless environments, generate a new token with firebase login:ci
    at invalidCredentialError (C:\Users\dipg2\AppData\Roaming\nvm\v20.0.0\node_modules\firebase-tools\lib\auth.js:142:12)
    at refreshTokens (C:\Users\dipg2\AppData\Roaming\nvm\v20.0.0\node_modules\firebase-tools\lib\auth.js:515:15)
    at process.processTicksAndRejections (node:internal/process/task_queues:95:5)
    at async Client.getAccessToken (C:\Users\dipg2\AppData\Roaming\nvm\v20.0.0\node_modules\firebase-tools\lib\apiv2.js:161:22)
    at async Client.addAuthHeader (C:\Users\dipg2\AppData\Roaming\nvm\v20.0.0\node_modules\firebase-tools\lib\apiv2.js:152:21)
    at async Client.request (C:\Users\dipg2\AppData\Roaming\nvm\v20.0.0\node_modules\firebase-tools\lib\apiv2.js:105:34)
    at async createCloudProject (C:\Users\dipg2\AppData\Roaming\nvm\v20.0.0\node_modules\firebase-tools\lib\management\projects.js:180:26)
    at async createFirebaseProjectAndLog (C:\Users\dipg2\AppData\Roaming\nvm\v20.0.0\node_modules\firebase-tools\lib\management\projects.js:45:9)
    at async promptAndCreateNewProject (C:\Users\dipg2\AppData\Roaming\nvm\v20.0.0\node_modules\firebase-tools\lib\init\features\project.js:32:12)
    at async doSetup (C:\Users\dipg2\AppData\Roaming\nvm\v20.0.0\node_modules\firebase-tools\lib\init\features\project.js:88:27)
[error] 
[error] Error: Failed to create project. See firebase-debug.log for more info.
